Bottom/app/build/intermediates/manifest_merge_blame_file/debug/manifest-merger-blame-debug-report.txt
1<?xml version="1.0" encoding="utf-8"?>
2<manifest xmlns:android="http://schemas.android.com/apk/res/android"
3    package="com.cookandroid.bottom_setting"
4    android:versionCode="1"
5    android:versionName="1.0" >
6
7    <uses-sdk
8        android:minSdkVersion="16"
8-->src\main\AndroidManifest.xml
9        android:targetSdkVersion="29" />
9-->src\main\AndroidManifest.xml
10
11    <uses-permission android:name="android.permission.INTERNET" />
11-->src\main\AndroidManifest.xml:5:5-66
11-->src\main\AndroidManifest.xml:5:22-64
12
13    <application
13-->src\main\AndroidManifest.xml:7:5-29:19
14        android:allowBackup="true"
14-->src\main\AndroidManifest.xml:9:9-35
15        android:appComponentFactory="androidx.core.app.CoreComponentFactory"
15-->[androidx.core:core:1.3.1] AndroidManifest.xml:24:18-86
16        android:debuggable="true"
17        android:icon="@drawable/ic_launcher_foreground"
17-->src\main\AndroidManifest.xml:10:9-56
18        android:label="@string/app_name"
18-->src\main\AndroidManifest.xml:11:9-41
19        android:roundIcon="@drawable/ic_launcher_foreground"
19-->src\main\AndroidManifest.xml:12:9-61
20        android:supportsRtl="true"
20-->src\main\AndroidManifest.xml:13:9-35
21        android:testOnly="true"
22        android:theme="@style/AppTheme"
22-->src\main\AndroidManifest.xml:14:9-40
23        android:usesCleartextTraffic="true" >
23-->src\main\AndroidManifest.xml:8:9-44
24        <activity android:name="com.cookandroid.bottom_setting.MainActivity" >
24-->src\main\AndroidManifest.xml:15:9-21:20
24-->src\main\AndroidManifest.xml:15:19-47
25            <intent-filter>
25-->src\main\AndroidManifest.xml:16:13-20:29
26                <action android:name="android.intent.action.MAIN" />
26-->src\main\AndroidManifest.xml:17:17-69
26-->src\main\AndroidManifest.xml:17:25-66
27
28                <category android:name="android.intent.category.LAUNCHER" />
28-->src\main\AndroidManifest.xml:19:17-77
28-->src\main\AndroidManifest.xml:19:27-74
29            </intent-filter>
30        </activity>
31        <activity android:name="com.cookandroid.bottom_setting.Another_Notice" />
31-->src\main\AndroidManifest.xml:22:9-51
31-->src\main\AndroidManifest.xml:22:19-49
32        <activity android:name="com.cookandroid.bottom_setting.Another_Recycle_Notification" />
32-->src\main\AndroidManifest.xml:23:9-65
32-->src\main\AndroidManifest.xml:23:19-63
33        <activity android:name="com.cookandroid.bottom_setting.Another_Notification" />
33-->src\main\AndroidManifest.xml:24:9-57
33-->src\main\AndroidManifest.xml:24:19-55
34        <activity android:name="com.cookandroid.bottom_setting.Another_Introduce_Developer" />
34-->src\main\AndroidManifest.xml:25:9-64
34-->src\main\AndroidManifest.xml:25:19-62
35        <activity android:name="com.cookandroid.bottom_setting.Another_Version" />
35-->src\main\AndroidManifest.xml:26:9-52
35-->src\main\AndroidManifest.xml:26:19-50
36        <activity android:name="com.cookandroid.bottom_setting.SelectGoal" />
36-->src\main\AndroidManifest.xml:27:9-48
36-->src\main\AndroidManifest.xml:27:19-45
37        <activity android:name="com.cookandroid.bottom_setting.List_Detail" />
37-->src\main\AndroidManifest.xml:28:9-48
37-->src\main\AndroidManifest.xml:28:19-46
38    </application>
39
40</manifest>